12:00:55.677 [main] INFO  cz.tul.Main - Starting Main on DESKTOP-58MUVF4 with PID 8896 (C:\Users\elkanio\Desktop\SEM-RDB\public_transport\target\classes started by elkanio in C:\Users\elkanio\Desktop\SEM-RDB\public_transport)
12:00:55.685 [main] INFO  cz.tul.Main - No active profile set, falling back to default profiles: default
12:00:55.919 [main] INFO  o.s.c.a.AnnotationConfigApplicationContext - Refreshing org.springframework.context.annotation.AnnotationConfigApplicationContext@23a5fd2: startup date [Sat Apr 27 12:00:55 CEST 2019]; root of context hierarchy
12:01:01.542 [main] INFO  o.s.o.j.LocalContainerEntityManagerFactoryBean - Building JPA container EntityManagerFactory for persistence unit 'default'
12:01:01.642 [main] INFO  o.h.jpa.internal.util.LogHelper - HHH000204: Processing PersistenceUnitInfo [
	name: default
	...]
12:01:01.913 [main] INFO  org.hibernate.Version - HHH000412: Hibernate Core {4.3.11.Final}
12:01:01.915 [main] INFO  org.hibernate.cfg.Environment - HHH000206: hibernate.properties not found
12:01:01.917 [main] INFO  org.hibernate.cfg.Environment - HHH000021: Bytecode provider name : javassist
12:01:02.753 [main] INFO  o.h.annotations.common.Version - HCANN000001: Hibernate Commons Annotations {4.0.5.Final}
12:01:03.030 [main] INFO  org.hibernate.dialect.Dialect - HHH000400: Using dialect: org.hibernate.dialect.MySQL5Dialect
12:01:03.279 [main] WARN  o.s.c.a.AnnotationConfigApplicationContext - Exception encountered during context initialization - cancelling refresh attempt: org.springframework.beans.factory.BeanCreationException: Error creating bean with name 'entityManagerFactory' defined in class path resource [org/springframework/boot/autoconfigure/orm/jpa/HibernateJpaAutoConfiguration.class]: Invocation of init method failed; nested exception is javax.persistence.PersistenceException: [PersistenceUnit: default] Unable to build Hibernate SessionFactory
12:01:03.298 [main] ERROR o.s.boot.SpringApplication - Application startup failed
org.springframework.beans.factory.BeanCreationException: Error creating bean with name 'entityManagerFactory' defined in class path resource [org/springframework/boot/autoconfigure/orm/jpa/HibernateJpaAutoConfiguration.class]: Invocation of init method failed; nested exception is javax.persistence.PersistenceException: [PersistenceUnit: default] Unable to build Hibernate SessionFactory
	at org.springframework.beans.factory.support.AbstractAutowireCapableBeanFactory.initializeBean(AbstractAutowireCapableBeanFactory.java:1578) ~[spring-beans-4.2.4.RELEASE.jar:4.2.4.RELEASE]
	at org.springframework.beans.factory.support.AbstractAutowireCapableBeanFactory.doCreateBean(AbstractAutowireCapableBeanFactory.java:545) ~[spring-beans-4.2.4.RELEASE.jar:4.2.4.RELEASE]
	at org.springframework.beans.factory.support.AbstractAutowireCapableBeanFactory.createBean(AbstractAutowireCapableBeanFactory.java:482) ~[spring-beans-4.2.4.RELEASE.jar:4.2.4.RELEASE]
	at org.springframework.beans.factory.support.AbstractBeanFactory$1.getObject(AbstractBeanFactory.java:306) ~[spring-beans-4.2.4.RELEASE.jar:4.2.4.RELEASE]
	at org.springframework.beans.factory.support.DefaultSingletonBeanRegistry.getSingleton(DefaultSingletonBeanRegistry.java:230) ~[spring-beans-4.2.4.RELEASE.jar:4.2.4.RELEASE]
	at org.springframework.beans.factory.support.AbstractBeanFactory.doGetBean(AbstractBeanFactory.java:302) ~[spring-beans-4.2.4.RELEASE.jar:4.2.4.RELEASE]
	at org.springframework.beans.factory.support.AbstractBeanFactory.getBean(AbstractBeanFactory.java:197) ~[spring-beans-4.2.4.RELEASE.jar:4.2.4.RELEASE]
	at org.springframework.context.support.AbstractApplicationContext.getBean(AbstractApplicationContext.java:1054) ~[spring-context-4.2.4.RELEASE.jar:4.2.4.RELEASE]
	at org.springframework.context.support.AbstractApplicationContext.finishBeanFactoryInitialization(AbstractApplicationContext.java:829) ~[spring-context-4.2.4.RELEASE.jar:4.2.4.RELEASE]
	at org.springframework.context.support.AbstractApplicationContext.refresh(AbstractApplicationContext.java:538) ~[spring-context-4.2.4.RELEASE.jar:4.2.4.RELEASE]
	at org.springframework.boot.SpringApplication.refresh(SpringApplication.java:766) ~[spring-boot-1.3.2.RELEASE.jar:1.3.2.RELEASE]
	at org.springframework.boot.SpringApplication.createAndRefreshContext(SpringApplication.java:361) ~[spring-boot-1.3.2.RELEASE.jar:1.3.2.RELEASE]
	at org.springframework.boot.SpringApplication.run(SpringApplication.java:307) ~[spring-boot-1.3.2.RELEASE.jar:1.3.2.RELEASE]
	at cz.tul.Main.main(Main.java:28) [classes/:na]
Caused by: javax.persistence.PersistenceException: [PersistenceUnit: default] Unable to build Hibernate SessionFactory
	at org.hibernate.jpa.boot.internal.EntityManagerFactoryBuilderImpl.persistenceException(EntityManagerFactoryBuilderImpl.java:1249) ~[hibernate-entitymanager-4.3.11.Final.jar:4.3.11.Final]
	at org.hibernate.jpa.boot.internal.EntityManagerFactoryBuilderImpl.access$600(EntityManagerFactoryBuilderImpl.java:120) ~[hibernate-entitymanager-4.3.11.Final.jar:4.3.11.Final]
	at org.hibernate.jpa.boot.internal.EntityManagerFactoryBuilderImpl$4.perform(EntityManagerFactoryBuilderImpl.java:860) ~[hibernate-entitymanager-4.3.11.Final.jar:4.3.11.Final]
	at org.hibernate.jpa.boot.internal.EntityManagerFactoryBuilderImpl$4.perform(EntityManagerFactoryBuilderImpl.java:850) ~[hibernate-entitymanager-4.3.11.Final.jar:4.3.11.Final]
	at org.hibernate.boot.registry.classloading.internal.ClassLoaderServiceImpl.withTccl(ClassLoaderServiceImpl.java:425) ~[hibernate-core-4.3.11.Final.jar:4.3.11.Final]
	at org.hibernate.jpa.boot.internal.EntityManagerFactoryBuilderImpl.build(EntityManagerFactoryBuilderImpl.java:849) ~[hibernate-entitymanager-4.3.11.Final.jar:4.3.11.Final]
	at org.springframework.orm.jpa.vendor.SpringHibernateJpaPersistenceProvider.createContainerEntityManagerFactory(SpringHibernateJpaPersistenceProvider.java:60) ~[spring-orm-4.2.4.RELEASE.jar:4.2.4.RELEASE]
	at org.springframework.orm.jpa.LocalContainerEntityManagerFactoryBean.createNativeEntityManagerFactory(LocalContainerEntityManagerFactoryBean.java:343) ~[spring-orm-4.2.4.RELEASE.jar:4.2.4.RELEASE]
	at org.springframework.orm.jpa.AbstractEntityManagerFactoryBean.afterPropertiesSet(AbstractEntityManagerFactoryBean.java:318) ~[spring-orm-4.2.4.RELEASE.jar:4.2.4.RELEASE]
	at org.springframework.beans.factory.support.AbstractAutowireCapableBeanFactory.invokeInitMethods(AbstractAutowireCapableBeanFactory.java:1637) ~[spring-beans-4.2.4.RELEASE.jar:4.2.4.RELEASE]
	at org.springframework.beans.factory.support.AbstractAutowireCapableBeanFactory.initializeBean(AbstractAutowireCapableBeanFactory.java:1574) ~[spring-beans-4.2.4.RELEASE.jar:4.2.4.RELEASE]
	... 13 common frames omitted
Caused by: org.hibernate.AnnotationException: Illegal attempt to map a non collection as a @OneToMany, @ManyToMany or @CollectionOfElements: cz.tul.data.Ride.trace
	at org.hibernate.cfg.annotations.CollectionBinder.getCollectionBinder(CollectionBinder.java:331) ~[hibernate-core-4.3.11.Final.jar:4.3.11.Final]
	at org.hibernate.cfg.AnnotationBinder.processElementAnnotations(AnnotationBinder.java:1922) ~[hibernate-core-4.3.11.Final.jar:4.3.11.Final]
	at org.hibernate.cfg.AnnotationBinder.processIdPropertiesIfNotAlready(AnnotationBinder.java:963) ~[hibernate-core-4.3.11.Final.jar:4.3.11.Final]
	at org.hibernate.cfg.AnnotationBinder.bindClass(AnnotationBinder.java:796) ~[hibernate-core-4.3.11.Final.jar:4.3.11.Final]
	at org.hibernate.cfg.Configuration$MetadataSourceQueue.processAnnotatedClassesQueue(Configuration.java:3845) ~[hibernate-core-4.3.11.Final.jar:4.3.11.Final]
	at org.hibernate.cfg.Configuration$MetadataSourceQueue.processMetadata(Configuration.java:3799) ~[hibernate-core-4.3.11.Final.jar:4.3.11.Final]
	at org.hibernate.cfg.Configuration.secondPassCompile(Configuration.java:1412) ~[hibernate-core-4.3.11.Final.jar:4.3.11.Final]
	at org.hibernate.cfg.Configuration.buildSessionFactory(Configuration.java:1846) ~[hibernate-core-4.3.11.Final.jar:4.3.11.Final]
	at org.hibernate.jpa.boot.internal.EntityManagerFactoryBuilderImpl$4.perform(EntityManagerFactoryBuilderImpl.java:857) ~[hibernate-entitymanager-4.3.11.Final.jar:4.3.11.Final]
	... 21 common frames omitted
12:01:03.510 [main] INFO  o.s.b.l.ClasspathLoggingApplicationListener - Application failed to start with classpath: [file:/C:/Program%20Files/Java/jdk1.8.0_151/jre/lib/charsets.jar, file:/C:/Program%20Files/Java/jdk1.8.0_151/jre/lib/deploy.jar, file:/C:/Program%20Files/Java/jdk1.8.0_151/jre/lib/ext/access-bridge-64.jar, file:/C:/Program%20Files/Java/jdk1.8.0_151/jre/lib/ext/cldrdata.jar, file:/C:/Program%20Files/Java/jdk1.8.0_151/jre/lib/ext/dnsns.jar, file:/C:/Program%20Files/Java/jdk1.8.0_151/jre/lib/ext/jaccess.jar, file:/C:/Program%20Files/Java/jdk1.8.0_151/jre/lib/ext/jfxrt.jar, file:/C:/Program%20Files/Java/jdk1.8.0_151/jre/lib/ext/localedata.jar, file:/C:/Program%20Files/Java/jdk1.8.0_151/jre/lib/ext/nashorn.jar, file:/C:/Program%20Files/Java/jdk1.8.0_151/jre/lib/ext/sunec.jar, file:/C:/Program%20Files/Java/jdk1.8.0_151/jre/lib/ext/sunjce_provider.jar, file:/C:/Program%20Files/Java/jdk1.8.0_151/jre/lib/ext/sunmscapi.jar, file:/C:/Program%20Files/Java/jdk1.8.0_151/jre/lib/ext/sunpkcs11.jar, file:/C:/Program%20Files/Java/jdk1.8.0_151/jre/lib/ext/zipfs.jar, file:/C:/Program%20Files/Java/jdk1.8.0_151/jre/lib/javaws.jar, file:/C:/Program%20Files/Java/jdk1.8.0_151/jre/lib/jce.jar, file:/C:/Program%20Files/Java/jdk1.8.0_151/jre/lib/jfr.jar, file:/C:/Program%20Files/Java/jdk1.8.0_151/jre/lib/jfxswt.jar, file:/C:/Program%20Files/Java/jdk1.8.0_151/jre/lib/jsse.jar, file:/C:/Program%20Files/Java/jdk1.8.0_151/jre/lib/management-agent.jar, file:/C:/Program%20Files/Java/jdk1.8.0_151/jre/lib/plugin.jar, file:/C:/Program%20Files/Java/jdk1.8.0_151/jre/lib/resources.jar, file:/C:/Program%20Files/Java/jdk1.8.0_151/jre/lib/rt.jar, file:/C:/Users/elkanio/Desktop/SEM-RDB/public_transport/target/classes/, file:/C:/Users/elkanio/.m2/repository/org/springframework/boot/spring-boot-starter-test/1.3.2.RELEASE/spring-boot-starter-test-1.3.2.RELEASE.jar, file:/C:/Users/elkanio/.m2/repository/org/mockito/mockito-core/1.10.19/mockito-core-1.10.19.jar, file:/C:/Users/elkanio/.m2/repository/org/objenesis/objenesis/2.1/objenesis-2.1.jar, file:/C:/Users/elkanio/.m2/repository/org/hamcrest/hamcrest-core/1.3/hamcrest-core-1.3.jar, file:/C:/Users/elkanio/.m2/repository/org/hamcrest/hamcrest-library/1.3/hamcrest-library-1.3.jar, file:/C:/Users/elkanio/.m2/repository/org/springframework/spring-core/4.2.4.RELEASE/spring-core-4.2.4.RELEASE.jar, file:/C:/Users/elkanio/.m2/repository/org/springframework/boot/spring-boot-starter-logging/1.3.2.RELEASE/spring-boot-starter-logging-1.3.2.RELEASE.jar, file:/C:/Users/elkanio/.m2/repository/ch/qos/logback/logback-classic/1.1.3/logback-classic-1.1.3.jar, file:/C:/Users/elkanio/.m2/repository/ch/qos/logback/logback-core/1.1.3/logback-core-1.1.3.jar, file:/C:/Users/elkanio/.m2/repository/org/slf4j/slf4j-api/1.7.13/slf4j-api-1.7.13.jar, file:/C:/Users/elkanio/.m2/repository/org/slf4j/jcl-over-slf4j/1.7.13/jcl-over-slf4j-1.7.13.jar, file:/C:/Users/elkanio/.m2/repository/org/slf4j/jul-to-slf4j/1.7.13/jul-to-slf4j-1.7.13.jar, file:/C:/Users/elkanio/.m2/repository/org/slf4j/log4j-over-slf4j/1.7.13/log4j-over-slf4j-1.7.13.jar, file:/C:/Users/elkanio/.m2/repository/org/springframework/boot/spring-boot-starter-jdbc/1.3.2.RELEASE/spring-boot-starter-jdbc-1.3.2.RELEASE.jar, file:/C:/Users/elkanio/.m2/repository/org/springframework/boot/spring-boot-starter/1.3.2.RELEASE/spring-boot-starter-1.3.2.RELEASE.jar, file:/C:/Users/elkanio/.m2/repository/org/springframework/boot/spring-boot/1.3.2.RELEASE/spring-boot-1.3.2.RELEASE.jar, file:/C:/Users/elkanio/.m2/repository/org/springframework/boot/spring-boot-autoconfigure/1.3.2.RELEASE/spring-boot-autoconfigure-1.3.2.RELEASE.jar, file:/C:/Users/elkanio/.m2/repository/org/yaml/snakeyaml/1.16/snakeyaml-1.16.jar, file:/C:/Users/elkanio/.m2/repository/org/apache/tomcat/tomcat-jdbc/8.0.30/tomcat-jdbc-8.0.30.jar, file:/C:/Users/elkanio/.m2/repository/org/apache/tomcat/tomcat-juli/8.0.30/tomcat-juli-8.0.30.jar, file:/C:/Users/elkanio/.m2/repository/org/springframework/spring-jdbc/4.2.4.RELEASE/spring-jdbc-4.2.4.RELEASE.jar, file:/C:/Users/elkanio/.m2/repository/org/springframework/boot/spring-boot-starter-data-jpa/1.3.2.RELEASE/spring-boot-starter-data-jpa-1.3.2.RELEASE.jar, file:/C:/Users/elkanio/.m2/repository/org/springframework/boot/spring-boot-starter-aop/1.3.2.RELEASE/spring-boot-starter-aop-1.3.2.RELEASE.jar, file:/C:/Users/elkanio/.m2/repository/org/springframework/spring-aop/4.2.4.RELEASE/spring-aop-4.2.4.RELEASE.jar, file:/C:/Users/elkanio/.m2/repository/aopalliance/aopalliance/1.0/aopalliance-1.0.jar, file:/C:/Users/elkanio/.m2/repository/org/aspectj/aspectjweaver/1.8.8/aspectjweaver-1.8.8.jar, file:/C:/Users/elkanio/.m2/repository/org/hibernate/hibernate-entitymanager/4.3.11.Final/hibernate-entitymanager-4.3.11.Final.jar, file:/C:/Users/elkanio/.m2/repository/org/jboss/logging/jboss-logging/3.3.0.Final/jboss-logging-3.3.0.Final.jar, file:/C:/Users/elkanio/.m2/repository/org/jboss/logging/jboss-logging-annotations/1.2.0.Beta1/jboss-logging-annotations-1.2.0.Beta1.jar, file:/C:/Users/elkanio/.m2/repository/org/hibernate/hibernate-core/4.3.11.Final/hibernate-core-4.3.11.Final.jar, file:/C:/Users/elkanio/.m2/repository/antlr/antlr/2.7.7/antlr-2.7.7.jar, file:/C:/Users/elkanio/.m2/repository/org/jboss/jandex/1.1.0.Final/jandex-1.1.0.Final.jar, file:/C:/Users/elkanio/.m2/repository/dom4j/dom4j/1.6.1/dom4j-1.6.1.jar, file:/C:/Users/elkanio/.m2/repository/xml-apis/xml-apis/1.0.b2/xml-apis-1.0.b2.jar, file:/C:/Users/elkanio/.m2/repository/org/hibernate/common/hibernate-commons-annotations/4.0.5.Final/hibernate-commons-annotations-4.0.5.Final.jar, file:/C:/Users/elkanio/.m2/repository/org/hibernate/javax/persistence/hibernate-jpa-2.1-api/1.0.0.Final/hibernate-jpa-2.1-api-1.0.0.Final.jar, file:/C:/Users/elkanio/.m2/repository/org/javassist/javassist/3.18.1-GA/javassist-3.18.1-GA.jar, file:/C:/Users/elkanio/.m2/repository/javax/transaction/javax.transaction-api/1.2/javax.transaction-api-1.2.jar, file:/C:/Users/elkanio/.m2/repository/org/springframework/data/spring-data-jpa/1.9.2.RELEASE/spring-data-jpa-1.9.2.RELEASE.jar, file:/C:/Users/elkanio/.m2/repository/org/springframework/data/spring-data-commons/1.11.2.RELEASE/spring-data-commons-1.11.2.RELEASE.jar, file:/C:/Users/elkanio/.m2/repository/org/springframework/spring-context/4.2.4.RELEASE/spring-context-4.2.4.RELEASE.jar, file:/C:/Users/elkanio/.m2/repository/org/springframework/spring-expression/4.2.4.RELEASE/spring-expression-4.2.4.RELEASE.jar, file:/C:/Users/elkanio/.m2/repository/org/springframework/spring-aspects/4.2.4.RELEASE/spring-aspects-4.2.4.RELEASE.jar, file:/C:/Users/elkanio/.m2/repository/mysql/mysql-connector-java/5.1.38/mysql-connector-java-5.1.38.jar, file:/C:/Users/elkanio/.m2/repository/org/hsqldb/hsqldb/2.3.3/hsqldb-2.3.3.jar, file:/C:/Users/elkanio/.m2/repository/junit/junit/4.12/junit-4.12.jar, file:/C:/Users/elkanio/.m2/repository/org/springframework/spring-test/4.2.4.RELEASE/spring-test-4.2.4.RELEASE.jar, file:/C:/Users/elkanio/.m2/repository/org/springframework/spring-orm/4.2.4.RELEASE/spring-orm-4.2.4.RELEASE.jar, file:/C:/Users/elkanio/.m2/repository/org/springframework/spring-beans/4.2.4.RELEASE/spring-beans-4.2.4.RELEASE.jar, file:/C:/Users/elkanio/.m2/repository/org/springframework/spring-tx/4.2.4.RELEASE/spring-tx-4.2.4.RELEASE.jar, file:/C:/Users/elkanio/.m2/repository/de/jensd/fontawesomefx/8.8/fontawesomefx-8.8.jar, file:/C:/Users/elkanio/.m2/repository/com/jfoenix/jfoenix/8.0.1/jfoenix-8.0.1.jar, file:/C:/Users/elkanio/.m2/repository/org/javatuples/javatuples/1.2/javatuples-1.2.jar, file:/C:/Program%20Files/JetBrains/IntelliJ%20IDEA%20Community%20Edition%202018.3.4/lib/idea_rt.jar]
